{
  "RSpec": {
    "coverage": {
      "/Users/student/Desktop/projects2/GildedRose-techtest/spec/gilded_rose_spec.rb": {
        "lines": [
          1,
          null,
          1,
          null,
          1,
          null,
          1,
          null,
          1,
          1,
          1,
          1,
          null,
          null,
          1,
          1,
          1,
          1,
          1,
          null,
          null,
          1,
          1,
          1,
          1,
          null,
          null,
          1,
          1,
          1,
          1,
          1,
          null,
          null,
          1,
          1,
          1,
          1,
          null,
          null,
          null,
          1,
          null,
          1,
          1,
          1,
          1,
          1,
          null,
          null,
          1,
          1,
          1,
          1,
          null,
          null,
          1,
          1,
          1,
          1,
          null,
          null,
          null,
          1,
          null,
          1,
          1,
          1,
          1,
          null,
          null,
          1,
          1,
          1,
          1,
          null,
          null,
          1,
          1,
          1,
          1,
          null,
          null,
          1,
          1,
          1,
          1,
          null,
          null,
          null,
          1,
          null,
          1,
          1,
          1,
          1,
          1,
          1,
          null,
          null,
          null,
          null
        ]
      },
      "/Users/student/Desktop/projects2/GildedRose-techtest/lib/gilded_rose.rb": {
        "lines": [
          1,
          null,
          1,
          18,
          null,
          null,
          1,
          18,
          18,
          10,
          7,
          4,
          null,
          null,
          null,
          8,
          6,
          6,
          4,
          4,
          4,
          null,
          null,
          4,
          2,
          2,
          null,
          null,
          null,
          null,
          null,
          18,
          15,
          null,
          18,
          4,
          3,
          2,
          1,
          1,
          null,
          null,
          null,
          1,
          null,
          null,
          1,
          1,
          null,
          null,
          null,
          null,
          null,
          null,
          null,
          1,
          1,
          null,
          1,
          13,
          13,
          13,
          null,
          null,
          1,
          0,
          null,
          null
        ]
      }
    },
    "timestamp": 1594652834
  }
}
