{
  "RSpec": {
    "coverage": {
      "/Users/student/Desktop/projects2/GildedRose-techtest/spec/gilded_rose_spec.rb": {
        "lines": [
          1,
          null,
          1,
          null,
          1,
          null,
          1,
          null,
          1,
          1,
          1,
          1,
          null,
          null,
          1,
          1,
          1,
          1,
          1,
          null,
          null,
          1,
          1,
          1,
          1,
          null,
          null,
          1,
          1,
          1,
          1,
          1,
          null,
          null,
          1,
          1,
          1,
          1,
          null,
          null,
          null,
          1,
          null,
          1,
          1,
          1,
          1,
          1,
          null,
          null,
          null,
          null
        ]
      },
      "/Users/student/Desktop/projects2/GildedRose-techtest/lib/gilded_rose.rb": {
        "lines": [
          1,
          null,
          1,
          9,
          null,
          null,
          1,
          9,
          9,
          7,
          4,
          4,
          null,
          null,
          null,
          2,
          0,
          0,
          0,
          0,
          0,
          null,
          null,
          0,
          0,
          0,
          null,
          null,
          null,
          null,
          null,
          9,
          9,
          null,
          9,
          2,
          2,
          2,
          1,
          1,
          null,
          null,
          null,
          0,
          null,
          null,
          0,
          0,
          null,
          null,
          null,
          null,
          null,
          null,
          null,
          1,
          1,
          null,
          1,
          6,
          6,
          6,
          null,
          null,
          1,
          0,
          null,
          null
        ]
      }
    },
    "timestamp": 1594588132
  }
}
